#! /usr/local/bin/vvp
:ivl_version "10.0 (stable)" "(v10_0)";
:ivl_delay_selection "TYPICAL";
:vpi_time_precision + 0;
:vpi_module "system";
:vpi_module "vhdl_sys";
:vpi_module "v2005_math";
:vpi_module "va_math";
:vpi_module "v2009";
S_0x19fa880 .scope module, "ahb_master_test" "ahb_master_test" 2 1;
 .timescale 0 0;
P_0x1a098a0 .param/l "BUS_WDT" 0 2 3, +C4<00000000000000000000000000100000>;
v0x1a2c630_0 .var/2u "i_hclk", 0 0;
v0x1a34fb0_0 .var/2u "i_hgrant", 0 0;
v0x1a350a0_0 .var/2u "i_hmaster", 3 0;
v0x1a35190_0 .var/2u "i_hrdata", 31 0;
v0x1a35280_0 .var/2u "i_hready", 0 0;
v0x1a353c0_0 .var/2u "i_hreset_n", 0 0;
v0x1a354b0_0 .var/2u "i_hresp", 1 0;
v0x1a355a0_0 .var/2u "i_xfer_addr", 31 0;
v0x1a35660_0 .var/2u "i_xfer_dav", 0 0;
v0x1a35790_0 .var/2u "i_xfer_en", 0 0;
v0x1a35830_0 .var/2u "i_xfer_full", 0 0;
v0x1a358d0_0 .var/2u "i_xfer_lock", 0 0;
v0x1a35970_0 .var/2u "i_xfer_prot", 3 0;
v0x1a35a10_0 .var/2u "i_xfer_size", 1 0;
v0x1a35ab0_0 .var/2u "i_xfer_trig", 0 0;
v0x1a35b80_0 .var "i_xfer_wdata", 31 0;
v0x1a35c50_0 .var/2u "i_xfer_write", 0 0;
v0x1a35e00_0 .net "o_haddr", 31 0, v0x1a2fdf0_0;  1 drivers
L_0x7f6b63844018 .functor BUFT 1, C4<01>, C4<0>, C4<0>, C4<0>;
v0x1a35ea0_0 .net "o_hburst", 1 0, L_0x7f6b63844018;  1 drivers
v0x1a35f40_0 .net "o_hbusreq", 0 0, L_0x1a37da0;  1 drivers
v0x1a35fe0_0 .net "o_hlock", 0 0, v0x1a2ff90_0;  1 drivers
v0x1a360d0_0 .net "o_hprot", 3 0, v0x1a30050_0;  1 drivers
v0x1a361c0_0 .net "o_hsize", 1 0, v0x1a30130_0;  1 drivers
v0x1a362b0_0 .net "o_htrans", 1 0, v0x1a30210_0;  1 drivers
v0x1a363a0_0 .net "o_hwdata", 31 0, v0x1a30a70_0;  1 drivers
v0x1a36490_0 .net "o_hwrite", 0 0, v0x1a303d0_0;  1 drivers
v0x1a36580_0 .net "o_xfer_adv", 0 0, L_0x1a375b0;  1 drivers
v0x1a36620_0 .net "o_xfer_ok_to_shutdown", 0 0, L_0x1a37c90;  1 drivers
v0x1a366c0_0 .net "o_xfer_rdata", 31 0, v0x1a30490_0;  1 drivers
v0x1a367b0_0 .net "o_xfer_rdav", 0 0, v0x1a30570_0;  1 drivers
S_0x19f8db0 .scope task, "delay" "delay" 2 126, 2 126 0, S_0x19fa880;
 .timescale 0 0;
v0x1a10fa0_0 .var/2s "x", 31 0;
E_0x19efb60 .event posedge, v0x1a2f240_0;
TD_ahb_master_test.delay ;
    %load/vec4 v0x1a10fa0_0;
T_0.0 %dup/vec4;
    %pushi/vec4 0, 0, 32;
    %cmp/s;
    %jmp/1xz T_0.1, 5;
    %jmp/1 T_0.1, 4;
    %pushi/vec4 1, 0, 32;
    %sub;
    %wait E_0x19efb60;
    %jmp T_0.0;
T_0.1 ;
    %pop/vec4 1;
    %end;
S_0x1a2bdf0 .scope module, "u_ahb_master" "ahb_master" 2 46, 3 14 0, S_0x19fa880;
 .timescale 0 0;
    .port_info 0 /INPUT 1 "i_hclk"
    .port_info 1 /INPUT 1 "i_hreset_n"
    .port_info 2 /INPUT 1 "i_hready"
    .port_info 3 /INPUT 1 "i_hgrant"
    .port_info 4 /INPUT 32 "i_hrdata"
    .port_info 5 /INPUT 2 "i_hresp"
    .port_info 6 /INPUT 4 "i_hmaster"
    .port_info 7 /OUTPUT 32 "o_hwdata"
    .port_info 8 /OUTPUT 32 "o_haddr"
    .port_info 9 /OUTPUT 2 "o_htrans"
    .port_info 10 /OUTPUT 2 "o_hburst"
    .port_info 11 /OUTPUT 2 "o_hsize"
    .port_info 12 /OUTPUT 4 "o_hprot"
    .port_info 13 /OUTPUT 1 "o_hwrite"
    .port_info 14 /OUTPUT 1 "o_hlock"
    .port_info 15 /OUTPUT 1 "o_hbusreq"
    .port_info 16 /INPUT 32 "i_xfer_wdata"
    .port_info 17 /INPUT 32 "i_xfer_addr"
    .port_info 18 /INPUT 2 "i_xfer_size"
    .port_info 19 /INPUT 1 "i_xfer_dav"
    .port_info 20 /INPUT 1 "i_xfer_trig"
    .port_info 21 /INPUT 1 "i_xfer_en"
    .port_info 22 /INPUT 1 "i_xfer_write"
    .port_info 23 /INPUT 4 "i_xfer_prot"
    .port_info 24 /INPUT 1 "i_xfer_lock"
    .port_info 25 /INPUT 1 "i_xfer_full"
    .port_info 26 /OUTPUT 1 "o_xfer_adv"
    .port_info 27 /OUTPUT 32 "o_xfer_rdata"
    .port_info 28 /OUTPUT 1 "o_xfer_rdav"
    .port_info 29 /OUTPUT 1 "o_xfer_ok_to_shutdown"
P_0x1a2bfe0 .param/l "BUSY" 1 3 64, C4<01>;
P_0x1a2c020 .param/l "BUS_WDT" 0 3 16, C4<00000000000000000000000000100000>;
P_0x1a2c060 .param/l "IDLE" 1 3 63, C4<00>;
P_0x1a2c0a0 .param/l "INCR" 1 3 62, C4<01>;
P_0x1a2c0e0 .param/l "MASTER_ID" 0 3 17, C4<0000>;
P_0x1a2c120 .param/l "NONSEQ" 1 3 65, C4<10>;
P_0x1a2c160 .param/l "RETRY" 1 3 67, C4<10>;
P_0x1a2c1a0 .param/l "SEQ" 1 3 66, C4<11>;
P_0x1a2c1e0 .param/l "SPLIT" 1 3 68, C4<11>;
L_0x1a369e0 .functor AND 1, v0x1a35c50_0, L_0x1a368f0, C4<1>, C4<1>;
L_0x1a36c80 .functor AND 1, L_0x1a36af0, L_0x1a36b90, C4<1>, C4<1>;
L_0x1a36d90 .functor OR 1, L_0x1a369e0, L_0x1a36c80, C4<0>, C4<0>;
L_0x1a36f90 .functor AND 1, v0x1a35280_0, L_0x1a36ea0, C4<1>, C4<1>;
L_0x1a370f0 .functor AND 1, L_0x1a36f90, L_0x1a37050, C4<1>, C4<1>;
L_0x1a37330 .functor AND 1, L_0x1a370f0, L_0x1a37200, C4<1>, C4<1>;
L_0x1a375b0 .functor AND 1, L_0x1a37330, L_0x1a37480, C4<1>, C4<1>;
L_0x1a379e0 .functor AND 1, L_0x1a37760, L_0x1a378a0, C4<1>, C4<1>;
L_0x1a37c90 .functor AND 1, L_0x1a379e0, L_0x1a37b40, C4<1>, C4<1>;
L_0x1a37da0 .functor OR 1, v0x1a2fed0_0, v0x1a35790_0, C4<0>, C4<0>;
v0x1a2d200_0 .net *"_s10", 0 0, L_0x1a36c80;  1 drivers
L_0x7f6b63844060 .functor BUFT 1, C4<0000>, C4<0>, C4<0>, C4<0>;
v0x1a31200_0 .net/2u *"_s14", 3 0, L_0x7f6b63844060;  1 drivers
v0x1a312c0_0 .net *"_s16", 0 0, L_0x1a36ea0;  1 drivers
v0x1a31380_0 .net *"_s18", 0 0, L_0x1a36f90;  1 drivers
v0x1a31440_0 .net *"_s21", 0 0, L_0x1a37050;  1 drivers
v0x1a31500_0 .net *"_s22", 0 0, L_0x1a370f0;  1 drivers
L_0x7f6b638440a8 .functor BUFT 1, C4<11>, C4<0>, C4<0>, C4<0>;
v0x1a315c0_0 .net/2u *"_s24", 1 0, L_0x7f6b638440a8;  1 drivers
v0x1a316a0_0 .net *"_s26", 0 0, L_0x1a37200;  1 drivers
v0x1a31760_0 .net *"_s28", 0 0, L_0x1a37330;  1 drivers
v0x1a318b0_0 .net *"_s3", 0 0, L_0x1a368f0;  1 drivers
L_0x7f6b638440f0 .functor BUFT 1, C4<10>, C4<0>, C4<0>, C4<0>;
v0x1a31970_0 .net/2u *"_s30", 1 0, L_0x7f6b638440f0;  1 drivers
v0x1a31a50_0 .net *"_s32", 0 0, L_0x1a37480;  1 drivers
L_0x7f6b63844138 .functor BUFT 1, C4<00>, C4<0>, C4<0>, C4<0>;
v0x1a31b10_0 .net/2u *"_s36", 1 0, L_0x7f6b63844138;  1 drivers
v0x1a31bf0_0 .net *"_s38", 0 0, L_0x1a37760;  1 drivers
v0x1a31cb0_0 .net *"_s4", 0 0, L_0x1a369e0;  1 drivers
L_0x7f6b63844180 .functor BUFT 1, C4<00>, C4<0>, C4<0>, C4<0>;
v0x1a31d70_0 .net/2u *"_s40", 1 0, L_0x7f6b63844180;  1 drivers
v0x1a31e50_0 .net *"_s42", 0 0, L_0x1a378a0;  1 drivers
v0x1a32000_0 .net *"_s44", 0 0, L_0x1a379e0;  1 drivers
v0x1a320a0_0 .net *"_s47", 0 0, L_0x1a37b40;  1 drivers
v0x1a32140_0 .net *"_s7", 0 0, L_0x1a36af0;  1 drivers
v0x1a321e0_0 .net *"_s9", 0 0, L_0x1a36b90;  1 drivers
v0x1a322a0_0 .net "agu_hbusreq", 0 0, v0x1a2fed0_0;  1 drivers
v0x1a32340_0 .var "backtrack_ff", 0 0;
v0x1a323e0_0 .net "do_haddr", 31 0, v0x1a30630_0;  1 drivers
v0x1a324a0_0 .net "do_hlock", 0 0, v0x1a30710_0;  1 drivers
v0x1a32570_0 .net "do_hprot", 3 0, v0x1a307d0_0;  1 drivers
v0x1a32640_0 .net "do_hsize", 1 0, v0x1a308b0_0;  1 drivers
v0x1a32710_0 .net "do_htrans", 1 0, v0x1a30990_0;  1 drivers
v0x1a327e0_0 .net "do_hwrite", 0 0, v0x1a30b50_0;  1 drivers
v0x1a328b0_0 .net "dontsleep", 0 0, L_0x1a37f60;  1 drivers
v0x1a32980_0 .var "haddr", 31 0;
v0x1a32a50_0 .var "hbusreq", 0 0;
v0x1a32b20_0 .var "hlock", 0 0;
v0x1a31f20_0 .var "hprot", 3 0;
v0x1a32dd0_0 .var "hsize", 1 0;
v0x1a32ea0_0 .var "htrans", 1 0;
v0x1a32f70_0 .var "hwdata", 31 0;
v0x1a33040_0 .var "hwrite", 0 0;
v0x1a33110_0 .net "i_hclk", 0 0, v0x1a2c630_0;  1 drivers
v0x1a331e0_0 .net "i_hgrant", 0 0, v0x1a34fb0_0;  1 drivers
v0x1a332b0_0 .net "i_hmaster", 3 0, v0x1a350a0_0;  1 drivers
v0x1a33380_0 .net "i_hrdata", 31 0, v0x1a35190_0;  1 drivers
v0x1a33450_0 .net "i_hready", 0 0, v0x1a35280_0;  1 drivers
v0x1a33520_0 .net "i_hreset_n", 0 0, v0x1a353c0_0;  1 drivers
v0x1a335f0_0 .net "i_hresp", 1 0, v0x1a354b0_0;  1 drivers
v0x1a336c0_0 .net "i_xfer_addr", 31 0, v0x1a355a0_0;  1 drivers
v0x1a33760_0 .net "i_xfer_dav", 0 0, v0x1a35660_0;  1 drivers
v0x1a33800_0 .net "i_xfer_en", 0 0, v0x1a35790_0;  1 drivers
v0x1a338a0_0 .net "i_xfer_full", 0 0, v0x1a35830_0;  1 drivers
v0x1a33940_0 .net "i_xfer_lock", 0 0, v0x1a358d0_0;  1 drivers
v0x1a339e0_0 .net "i_xfer_prot", 3 0, v0x1a35970_0;  1 drivers
v0x1a33a80_0 .net "i_xfer_size", 1 0, v0x1a35a10_0;  1 drivers
v0x1a33b20_0 .net "i_xfer_trig", 0 0, v0x1a35ab0_0;  1 drivers
v0x1a33bc0_0 .net "i_xfer_wdata", 31 0, v0x1a35b80_0;  1 drivers
v0x1a33ca0_0 .net "i_xfer_write", 0 0, v0x1a35c50_0;  1 drivers
v0x1a33d60_0 .net "nready", 0 0, L_0x1a36d90;  1 drivers
v0x1a33e20_0 .var "nready_ff", 0 0;
v0x1a33ee0_0 .net "o_haddr", 31 0, v0x1a2fdf0_0;  alias, 1 drivers
v0x1a33fd0_0 .net "o_hburst", 1 0, L_0x7f6b63844018;  alias, 1 drivers
v0x1a34090_0 .net "o_hbusreq", 0 0, L_0x1a37da0;  alias, 1 drivers
v0x1a34150_0 .net "o_hlock", 0 0, v0x1a2ff90_0;  alias, 1 drivers
v0x1a34220_0 .net "o_hprot", 3 0, v0x1a30050_0;  alias, 1 drivers
v0x1a342f0_0 .net "o_hsize", 1 0, v0x1a30130_0;  alias, 1 drivers
v0x1a343c0_0 .net "o_htrans", 1 0, v0x1a30210_0;  alias, 1 drivers
v0x1a34490_0 .net "o_hwdata", 31 0, v0x1a30a70_0;  alias, 1 drivers
v0x1a32bc0_0 .net "o_hwrite", 0 0, v0x1a303d0_0;  alias, 1 drivers
v0x1a32c90_0 .net "o_xfer_adv", 0 0, L_0x1a375b0;  alias, 1 drivers
v0x1a32d30_0 .net "o_xfer_ok_to_shutdown", 0 0, L_0x1a37c90;  alias, 1 drivers
v0x1a34940_0 .net "o_xfer_rdata", 31 0, v0x1a30490_0;  alias, 1 drivers
v0x1a34a10_0 .net "o_xfer_rdav", 0 0, v0x1a30570_0;  alias, 1 drivers
E_0x1a2ca10/0 .event edge, v0x1a33800_0, v0x1a32d30_0, v0x1a2fdf0_0, v0x1a303d0_0;
E_0x1a2ca10/1 .event edge, v0x1a30a70_0, v0x1a30130_0, v0x1a30050_0, v0x1a2f8a0_0;
E_0x1a2ca10/2 .event edge, v0x1a32340_0, v0x1a30630_0, v0x1a30b50_0, v0x1a30710_0;
E_0x1a2ca10/3 .event edge, v0x1a308b0_0, v0x1a307d0_0, v0x1a33b20_0, v0x1a336c0_0;
E_0x1a2ca10/4 .event edge, v0x1a33ca0_0, v0x1a33940_0, v0x1a33bc0_0, v0x1a33d60_0;
E_0x1a2ca10/5 .event edge, v0x1a33a80_0, v0x1a339e0_0, v0x1a33e20_0, v0x1a2f0a0_0;
E_0x1a2ca10 .event/or E_0x1a2ca10/0, E_0x1a2ca10/1, E_0x1a2ca10/2, E_0x1a2ca10/3, E_0x1a2ca10/4, E_0x1a2ca10/5;
L_0x1a368f0 .reduce/nor v0x1a35660_0;
L_0x1a36af0 .reduce/nor v0x1a35c50_0;
L_0x1a36b90 .reduce/nor v0x1a35830_0;
L_0x1a36ea0 .cmp/eq 4, v0x1a350a0_0, L_0x7f6b63844060;
L_0x1a37050 .reduce/nor v0x1a32340_0;
L_0x1a37200 .cmp/ne 2, v0x1a354b0_0, L_0x7f6b638440a8;
L_0x1a37480 .cmp/ne 2, v0x1a354b0_0, L_0x7f6b638440f0;
L_0x1a37760 .cmp/eq 2, v0x1a30210_0, L_0x7f6b63844138;
L_0x1a378a0 .cmp/eq 2, v0x1a30990_0, L_0x7f6b63844180;
L_0x1a37b40 .reduce/nor L_0x1a37f60;
S_0x1a2cb20 .scope module, "u_ahb_pipeline" "ahb_pipeline" 3 130, 4 15 0, S_0x1a2bdf0;
 .timescale 0 0;
    .port_info 0 /INPUT 1 "i_hclk"
    .port_info 1 /INPUT 1 "i_hreset_n"
    .port_info 2 /INPUT 1 "i_hready"
    .port_info 3 /INPUT 1 "i_hgrant"
    .port_info 4 /INPUT 32 "i_hrdata"
    .port_info 5 /INPUT 1 "i_hwrite"
    .port_info 6 /INPUT 2 "i_hresp"
    .port_info 7 /INPUT 32 "i_hwdata"
    .port_info 8 /INPUT 32 "i_haddr"
    .port_info 9 /INPUT 2 "i_htrans"
    .port_info 10 /INPUT 2 "i_hsize"
    .port_info 11 /INPUT 4 "i_hprot"
    .port_info 12 /INPUT 1 "i_hlock"
    .port_info 13 /INPUT 1 "i_hbusreq"
    .port_info 14 /INPUT 4 "i_hmaster"
    .port_info 15 /OUTPUT 32 "o_agu_hwdata"
    .port_info 16 /OUTPUT 32 "o_agu_haddr"
    .port_info 17 /OUTPUT 2 "o_agu_htrans"
    .port_info 18 /OUTPUT 2 "o_agu_hsize"
    .port_info 19 /OUTPUT 4 "o_agu_hprot"
    .port_info 20 /OUTPUT 1 "o_agu_hwrite"
    .port_info 21 /OUTPUT 1 "o_agu_hlock"
    .port_info 22 /OUTPUT 1 "o_agu_hbusreq"
    .port_info 23 /OUTPUT 32 "o_do_hwdata"
    .port_info 24 /OUTPUT 32 "o_do_haddr"
    .port_info 25 /OUTPUT 2 "o_do_htrans"
    .port_info 26 /OUTPUT 2 "o_do_hsize"
    .port_info 27 /OUTPUT 4 "o_do_hprot"
    .port_info 28 /OUTPUT 1 "o_do_hwrite"
    .port_info 29 /OUTPUT 1 "o_do_hlock"
    .port_info 30 /OUTPUT 32 "o_di_data"
    .port_info 31 /OUTPUT 1 "o_di_dav"
    .port_info 32 /OUTPUT 1 "o_dontsleep"
P_0x1a2cd10 .param/l "BUSY" 1 4 73, C4<01>;
P_0x1a2cd50 .param/l "ERROR" 1 4 76, C4<01>;
P_0x1a2cd90 .param/l "IDLE" 1 4 72, C4<00>;
P_0x1a2cdd0 .param/l "MASTER_ID" 0 4 15, C4<0000>;
P_0x1a2ce10 .param/l "OKAY" 1 4 75, C4<00>;
P_0x1a2ce50 .param/l "WDT" 0 4 15, C4<00000000000000000000000000100000>;
L_0x1a37f60 .functor BUFZ 1, v0x1a2f000_0, C4<0>, C4<0>, C4<0>;
L_0x1a38100 .functor AND 1, v0x1a35280_0, L_0x1a37fd0, C4<1>, C4<1>;
L_0x1a38200 .functor AND 1, L_0x1a38100, v0x1a303d0_0, C4<1>, C4<1>;
L_0x1a383a0 .functor OR 1, L_0x1a38270, v0x1a2f000_0, C4<0>, C4<0>;
L_0x1a384b0 .functor AND 1, L_0x1a38200, L_0x1a383a0, C4<1>, C4<1>;
L_0x1a386f0 .functor AND 1, L_0x1a384b0, L_0x1a38650, C4<1>, C4<1>;
L_0x1a388f0 .functor AND 1, L_0x1a38100, L_0x1a38800, C4<1>, C4<1>;
L_0x1a38aa0 .functor AND 1, L_0x1a388f0, L_0x1a389b0, C4<1>, C4<1>;
L_0x1a38d30 .functor AND 1, L_0x1a38aa0, L_0x1a38c00, C4<1>, C4<1>;
L_0x7f6b63844210 .functor BUFT 1, C4<00>, C4<0>, C4<0>, C4<0>;
v0x1a2dfb0_0 .net/2u *"_s10", 1 0, L_0x7f6b63844210;  1 drivers
v0x1a2e090_0 .net *"_s12", 0 0, L_0x1a38270;  1 drivers
v0x1a2e150_0 .net *"_s14", 0 0, L_0x1a383a0;  1 drivers
v0x1a2e1f0_0 .net *"_s16", 0 0, L_0x1a384b0;  1 drivers
L_0x7f6b63844258 .functor BUFT 1, C4<01>, C4<0>, C4<0>, C4<0>;
v0x1a2e2b0_0 .net/2u *"_s18", 1 0, L_0x7f6b63844258;  1 drivers
L_0x7f6b638441c8 .functor BUFT 1, C4<0000>, C4<0>, C4<0>, C4<0>;
v0x1a2e3e0_0 .net/2u *"_s2", 3 0, L_0x7f6b638441c8;  1 drivers
v0x1a2e4c0_0 .net *"_s20", 0 0, L_0x1a38650;  1 drivers
v0x1a2e580_0 .net *"_s25", 0 0, L_0x1a38800;  1 drivers
v0x1a2e640_0 .net *"_s26", 0 0, L_0x1a388f0;  1 drivers
L_0x7f6b638442a0 .functor BUFT 1, C4<00>, C4<0>, C4<0>, C4<0>;
v0x1a2e790_0 .net/2u *"_s28", 1 0, L_0x7f6b638442a0;  1 drivers
v0x1a2e870_0 .net *"_s30", 0 0, L_0x1a389b0;  1 drivers
v0x1a2e930_0 .net *"_s32", 0 0, L_0x1a38aa0;  1 drivers
L_0x7f6b638442e8 .functor BUFT 1, C4<01>, C4<0>, C4<0>, C4<0>;
v0x1a2e9f0_0 .net/2u *"_s34", 1 0, L_0x7f6b638442e8;  1 drivers
v0x1a2ead0_0 .net *"_s36", 0 0, L_0x1a38c00;  1 drivers
v0x1a2eb90_0 .net *"_s4", 0 0, L_0x1a37fd0;  1 drivers
v0x1a2ec50_0 .net *"_s8", 0 0, L_0x1a38200;  1 drivers
v0x1a2ed10_0 .net "adv", 0 0, L_0x1a38100;  1 drivers
v0x1a2eec0_0 .net "di_data_en", 0 0, L_0x1a38d30;  1 drivers
v0x1a2ef60_0 .net "do_hwdata_en", 0 0, L_0x1a386f0;  1 drivers
v0x1a2f000_0 .var "dontsleep", 0 0;
v0x1a2f0a0_0 .net "i_haddr", 31 0, v0x1a32980_0;  1 drivers
v0x1a2f180_0 .net "i_hbusreq", 0 0, v0x1a32a50_0;  1 drivers
v0x1a2f240_0 .net "i_hclk", 0 0, v0x1a2c630_0;  alias, 1 drivers
v0x1a2f300_0 .net "i_hgrant", 0 0, v0x1a34fb0_0;  alias, 1 drivers
v0x1a2f3c0_0 .net "i_hlock", 0 0, v0x1a32b20_0;  1 drivers
v0x1a2f480_0 .net "i_hmaster", 3 0, v0x1a350a0_0;  alias, 1 drivers
v0x1a2f560_0 .net "i_hprot", 3 0, v0x1a31f20_0;  1 drivers
v0x1a2f640_0 .net "i_hrdata", 31 0, v0x1a35190_0;  alias, 1 drivers
v0x1a2f720_0 .net "i_hready", 0 0, v0x1a35280_0;  alias, 1 drivers
v0x1a2f7e0_0 .net "i_hreset_n", 0 0, v0x1a353c0_0;  alias, 1 drivers
v0x1a2f8a0_0 .net "i_hresp", 1 0, v0x1a354b0_0;  alias, 1 drivers
v0x1a2f980_0 .net "i_hsize", 1 0, v0x1a32dd0_0;  1 drivers
v0x1a2fa60_0 .net "i_htrans", 1 0, v0x1a32ea0_0;  1 drivers
v0x1a2edf0_0 .net "i_hwdata", 31 0, v0x1a32f70_0;  1 drivers
v0x1a2fd30_0 .net "i_hwrite", 0 0, v0x1a33040_0;  1 drivers
v0x1a2fdf0_0 .var "o_agu_haddr", 31 0;
v0x1a2fed0_0 .var "o_agu_hbusreq", 0 0;
v0x1a2ff90_0 .var "o_agu_hlock", 0 0;
v0x1a30050_0 .var "o_agu_hprot", 3 0;
v0x1a30130_0 .var "o_agu_hsize", 1 0;
v0x1a30210_0 .var "o_agu_htrans", 1 0;
v0x1a302f0_0 .var "o_agu_hwdata", 31 0;
v0x1a303d0_0 .var "o_agu_hwrite", 0 0;
v0x1a30490_0 .var "o_di_data", 31 0;
v0x1a30570_0 .var "o_di_dav", 0 0;
v0x1a30630_0 .var "o_do_haddr", 31 0;
v0x1a30710_0 .var "o_do_hlock", 0 0;
v0x1a307d0_0 .var "o_do_hprot", 3 0;
v0x1a308b0_0 .var "o_do_hsize", 1 0;
v0x1a30990_0 .var "o_do_htrans", 1 0;
v0x1a30a70_0 .var "o_do_hwdata", 31 0;
v0x1a30b50_0 .var "o_do_hwrite", 0 0;
v0x1a30c10_0 .net "o_dontsleep", 0 0, L_0x1a37f60;  alias, 1 drivers
E_0x1a2d140/0 .event negedge, v0x1a2f7e0_0;
E_0x1a2d140/1 .event posedge, v0x1a2f240_0;
E_0x1a2d140 .event/or E_0x1a2d140/0, E_0x1a2d140/1;
L_0x1a37fd0 .cmp/eq 4, v0x1a350a0_0, L_0x7f6b638441c8;
L_0x1a38270 .cmp/ne 2, v0x1a30210_0, L_0x7f6b63844210;
L_0x1a38650 .cmp/ne 2, v0x1a30210_0, L_0x7f6b63844258;
L_0x1a38800 .reduce/nor v0x1a30b50_0;
L_0x1a389b0 .cmp/ne 2, v0x1a30990_0, L_0x7f6b638442a0;
L_0x1a38c00 .cmp/ne 2, v0x1a30990_0, L_0x7f6b638442e8;
S_0x1a2d630 .scope begin, "_do" "_do" 4 142, 4 142 0, S_0x1a2cb20;
 .timescale 0 0;
S_0x1a2d800 .scope begin, "_do_hwdata" "_do_hwdata" 4 165, 4 165 0, S_0x1a2cb20;
 .timescale 0 0;
S_0x1a2d9f0 .scope begin, "agu" "agu" 4 97, 4 97 0, S_0x1a2cb20;
 .timescale 0 0;
S_0x1a2dbc0 .scope begin, "di" "di" 4 178, 4 178 0, S_0x1a2cb20;
 .timescale 0 0;
S_0x1a2dd90 .scope begin, "di_dav" "di_dav" 4 191, 4 191 0, S_0x1a2cb20;
 .timescale 0 0;
    .scope S_0x1a2cb20;
T_1 ;
    %wait E_0x1a2d140;
    %fork t_1, S_0x1a2d9f0;
    %jmp t_0;
    .scope S_0x1a2d9f0;
t_1 ;
    %load/vec4 v0x1a2f7e0_0;
    %nor/r;
    %flag_set/vec4 8;
    %jmp/0xz  T_1.0, 8;
    %pushi/vec4 0, 0, 32;
    %assign/vec4 v0x1a302f0_0, 0;
    %pushi/vec4 0, 0, 32;
    %assign/vec4 v0x1a2fdf0_0, 0;
    %pushi/vec4 0, 0, 2;
    %assign/vec4 v0x1a30130_0, 0;
    %pushi/vec4 0, 0, 4;
    %assign/vec4 v0x1a30050_0, 0;
    %pushi/vec4 1, 0, 1;
    %assign/vec4 v0x1a303d0_0, 0;
    %pushi/vec4 0, 0, 1;
    %assign/vec4 v0x1a2ff90_0, 0;
    %pushi/vec4 0, 0, 1;
    %assign/vec4 v0x1a2fed0_0, 0;
    %jmp T_1.1;
T_1.0 ;
    %load/vec4 v0x1a2ed10_0;
    %flag_set/vec4 8;
    %jmp/0xz  T_1.2, 8;
    %load/vec4 v0x1a2edf0_0;
    %assign/vec4 v0x1a302f0_0, 0;
    %load/vec4 v0x1a2f0a0_0;
    %assign/vec4 v0x1a2fdf0_0, 0;
    %load/vec4 v0x1a2f980_0;
    %assign/vec4 v0x1a30130_0, 0;
    %load/vec4 v0x1a2f560_0;
    %assign/vec4 v0x1a30050_0, 0;
    %load/vec4 v0x1a2fd30_0;
    %assign/vec4 v0x1a303d0_0, 0;
    %load/vec4 v0x1a2f3c0_0;
    %assign/vec4 v0x1a2ff90_0, 0;
    %load/vec4 v0x1a2f180_0;
    %assign/vec4 v0x1a2fed0_0, 0;
T_1.2 ;
T_1.1 ;
    %end;
    .scope S_0x1a2cb20;
t_0 %join;
    %jmp T_1;
    .thread T_1;
    .scope S_0x1a2cb20;
T_2 ;
    %wait E_0x1a2d140;
    %load/vec4 v0x1a2f7e0_0;
    %nor/r;
    %flag_set/vec4 8;
    %jmp/0xz  T_2.0, 8;
    %pushi/vec4 0, 0, 2;
    %assign/vec4 v0x1a30210_0, 0;
    %pushi/vec4 0, 0, 1;
    %assign/vec4 v0x1a2f000_0, 0;
    %jmp T_2.1;
T_2.0 ;
    %load/vec4 v0x1a2f300_0;
    %load/vec4 v0x1a2f720_0;
    %nor/r;
    %and;
    %load/vec4 v0x1a2f8a0_0;
    %pushi/vec4 0, 0, 2;
    %cmp/e;
    %flag_get/vec4 4;
    %inv;
    %and;
    %load/vec4 v0x1a2f8a0_0;
    %pushi/vec4 1, 0, 2;
    %cmp/e;
    %flag_get/vec4 4;
    %inv;
    %and;
    %flag_set/vec4 8;
    %jmp/0xz  T_2.2, 8;
    %pushi/vec4 0, 0, 2;
    %assign/vec4 v0x1a30210_0, 0;
    %pushi/vec4 1, 0, 1;
    %assign/vec4 v0x1a2f000_0, 0;
    %jmp T_2.3;
T_2.2 ;
    %load/vec4 v0x1a2ed10_0;
    %flag_set/vec4 8;
    %jmp/0xz  T_2.4, 8;
    %load/vec4 v0x1a2fa60_0;
    %assign/vec4 v0x1a30210_0, 0;
    %pushi/vec4 0, 0, 1;
    %assign/vec4 v0x1a2f000_0, 0;
T_2.4 ;
T_2.3 ;
T_2.1 ;
    %jmp T_2;
    .thread T_2;
    .scope S_0x1a2cb20;
T_3 ;
    %wait E_0x1a2d140;
    %fork t_3, S_0x1a2d630;
    %jmp t_2;
    .scope S_0x1a2d630;
t_3 ;
    %load/vec4 v0x1a2f7e0_0;
    %nor/r;
    %flag_set/vec4 8;
    %jmp/0xz  T_3.0, 8;
    %pushi/vec4 0, 0, 32;
    %assign/vec4 v0x1a30630_0, 0;
    %pushi/vec4 0, 0, 2;
    %assign/vec4 v0x1a30990_0, 0;
    %pushi/vec4 0, 0, 2;
    %assign/vec4 v0x1a308b0_0, 0;
    %pushi/vec4 0, 0, 4;
    %assign/vec4 v0x1a307d0_0, 0;
    %pushi/vec4 1, 0, 1;
    %assign/vec4 v0x1a30b50_0, 0;
    %pushi/vec4 0, 0, 1;
    %assign/vec4 v0x1a30710_0, 0;
    %jmp T_3.1;
T_3.0 ;
    %load/vec4 v0x1a2ed10_0;
    %flag_set/vec4 8;
    %jmp/0xz  T_3.2, 8;
    %load/vec4 v0x1a2fdf0_0;
    %assign/vec4 v0x1a30630_0, 0;
    %load/vec4 v0x1a30210_0;
    %assign/vec4 v0x1a30990_0, 0;
    %load/vec4 v0x1a30130_0;
    %assign/vec4 v0x1a308b0_0, 0;
    %load/vec4 v0x1a30050_0;
    %assign/vec4 v0x1a307d0_0, 0;
    %load/vec4 v0x1a303d0_0;
    %assign/vec4 v0x1a30b50_0, 0;
    %load/vec4 v0x1a2ff90_0;
    %assign/vec4 v0x1a30710_0, 0;
T_3.2 ;
T_3.1 ;
    %end;
    .scope S_0x1a2cb20;
t_2 %join;
    %jmp T_3;
    .thread T_3;
    .scope S_0x1a2cb20;
T_4 ;
    %wait E_0x1a2d140;
    %fork t_5, S_0x1a2d800;
    %jmp t_4;
    .scope S_0x1a2d800;
t_5 ;
    %load/vec4 v0x1a2f7e0_0;
    %nor/r;
    %flag_set/vec4 8;
    %jmp/0xz  T_4.0, 8;
    %pushi/vec4 0, 0, 32;
    %assign/vec4 v0x1a30a70_0, 0;
    %jmp T_4.1;
T_4.0 ;
    %load/vec4 v0x1a2ef60_0;
    %flag_set/vec4 8;
    %jmp/0xz  T_4.2, 8;
    %load/vec4 v0x1a302f0_0;
    %assign/vec4 v0x1a30a70_0, 0;
T_4.2 ;
T_4.1 ;
    %end;
    .scope S_0x1a2cb20;
t_4 %join;
    %jmp T_4;
    .thread T_4;
    .scope S_0x1a2cb20;
T_5 ;
    %wait E_0x1a2d140;
    %fork t_7, S_0x1a2dbc0;
    %jmp t_6;
    .scope S_0x1a2dbc0;
t_7 ;
    %load/vec4 v0x1a2f7e0_0;
    %nor/r;
    %flag_set/vec4 8;
    %jmp/0xz  T_5.0, 8;
    %pushi/vec4 0, 0, 32;
    %assign/vec4 v0x1a30490_0, 0;
    %jmp T_5.1;
T_5.0 ;
    %load/vec4 v0x1a2eec0_0;
    %flag_set/vec4 8;
    %jmp/0xz  T_5.2, 8;
    %load/vec4 v0x1a2f640_0;
    %assign/vec4 v0x1a30490_0, 0;
T_5.2 ;
T_5.1 ;
    %end;
    .scope S_0x1a2cb20;
t_6 %join;
    %jmp T_5;
    .thread T_5;
    .scope S_0x1a2cb20;
T_6 ;
    %wait E_0x1a2d140;
    %fork t_9, S_0x1a2dd90;
    %jmp t_8;
    .scope S_0x1a2dd90;
t_9 ;
    %load/vec4 v0x1a2f7e0_0;
    %nor/r;
    %flag_set/vec4 8;
    %jmp/0xz  T_6.0, 8;
    %pushi/vec4 0, 0, 1;
    %assign/vec4 v0x1a30570_0, 0;
    %jmp T_6.1;
T_6.0 ;
    %load/vec4 v0x1a2eec0_0;
    %assign/vec4 v0x1a30570_0, 0;
T_6.1 ;
    %end;
    .scope S_0x1a2cb20;
t_8 %join;
    %jmp T_6;
    .thread T_6;
    .scope S_0x1a2bdf0;
T_7 ;
    %wait E_0x1a2ca10;
    %load/vec4 v0x1a33800_0;
    %nor/r;
    %load/vec4 v0x1a32d30_0;
    %and;
    %flag_set/vec4 8;
    %jmp/0xz  T_7.0, 8;
    %load/vec4 v0x1a33ee0_0;
    %store/vec4 v0x1a32980_0, 0, 32;
    %load/vec4 v0x1a32bc0_0;
    %store/vec4 v0x1a33040_0, 0, 1;
    %load/vec4 v0x1a34490_0;
    %store/vec4 v0x1a32f70_0, 0, 32;
    %pushi/vec4 0, 0, 2;
    %store/vec4 v0x1a32ea0_0, 0, 2;
    %load/vec4 v0x1a342f0_0;
    %store/vec4 v0x1a32dd0_0, 0, 2;
    %load/vec4 v0x1a34220_0;
    %store/vec4 v0x1a31f20_0, 0, 4;
    %pushi/vec4 0, 0, 1;
    %store/vec4 v0x1a32a50_0, 0, 1;
    %pushi/vec4 0, 0, 1;
    %store/vec4 v0x1a32b20_0, 0, 1;
    %jmp T_7.1;
T_7.0 ;
    %load/vec4 v0x1a335f0_0;
    %cmpi/e 2, 0, 2;
    %flag_mov 8, 4;
    %load/vec4 v0x1a335f0_0;
    %cmpi/e 3, 0, 2;
    %flag_or 4, 8;
    %flag_mov 8, 4;
    %load/vec4 v0x1a32340_0;
    %flag_set/vec4 9;
    %flag_or 9, 8;
    %jmp/0xz  T_7.2, 9;
    %load/vec4 v0x1a323e0_0;
    %store/vec4 v0x1a32980_0, 0, 32;
    %load/vec4 v0x1a327e0_0;
    %store/vec4 v0x1a33040_0, 0, 1;
    %load/vec4 v0x1a324a0_0;
    %store/vec4 v0x1a32b20_0, 0, 1;
    %load/vec4 v0x1a34490_0;
    %store/vec4 v0x1a32f70_0, 0, 32;
    %pushi/vec4 2, 0, 2;
    %store/vec4 v0x1a32ea0_0, 0, 2;
    %load/vec4 v0x1a32640_0;
    %store/vec4 v0x1a32dd0_0, 0, 2;
    %load/vec4 v0x1a32570_0;
    %store/vec4 v0x1a31f20_0, 0, 4;
    %pushi/vec4 1, 0, 1;
    %store/vec4 v0x1a32a50_0, 0, 1;
    %jmp T_7.3;
T_7.2 ;
    %load/vec4 v0x1a33b20_0;
    %flag_set/vec4 8;
    %jmp/0xz  T_7.4, 8;
    %load/vec4 v0x1a336c0_0;
    %store/vec4 v0x1a32980_0, 0, 32;
    %load/vec4 v0x1a33ca0_0;
    %store/vec4 v0x1a33040_0, 0, 1;
    %load/vec4 v0x1a33940_0;
    %store/vec4 v0x1a32b20_0, 0, 1;
    %load/vec4 v0x1a33bc0_0;
    %store/vec4 v0x1a32f70_0, 0, 32;
    %load/vec4 v0x1a33d60_0;
    %flag_set/vec4 8;
    %jmp/0 T_7.6, 8;
    %pushi/vec4 0, 0, 2;
    %jmp/1 T_7.7, 8;
T_7.6 ; End of true expr.
    %pushi/vec4 2, 0, 2;
    %jmp/0 T_7.7, 8;
 ; End of false expr.
    %blend;
T_7.7;
    %store/vec4 v0x1a32ea0_0, 0, 2;
    %load/vec4 v0x1a33a80_0;
    %store/vec4 v0x1a32dd0_0, 0, 2;
    %load/vec4 v0x1a339e0_0;
    %store/vec4 v0x1a31f20_0, 0, 4;
    %pushi/vec4 1, 0, 1;
    %store/vec4 v0x1a32a50_0, 0, 1;
    %jmp T_7.5;
T_7.4 ;
    %load/vec4 v0x1a33ee0_0;
    %load/vec4 v0x1a33d60_0;
    %cmpi/e 1, 0, 1;
    %flag_mov 8, 4;
    %jmp/0 T_7.8, 8;
    %pushi/vec4 0, 0, 32;
    %jmp/1 T_7.9, 8;
T_7.8 ; End of true expr.
    %load/vec4 v0x1a32640_0;
    %cmpi/e 0, 0, 2;
    %flag_mov 9, 4;
    %jmp/0 T_7.10, 9;
    %pushi/vec4 1, 0, 32;
    %jmp/1 T_7.11, 9;
T_7.10 ; End of true expr.
    %load/vec4 v0x1a32640_0;
    %cmpi/e 1, 0, 2;
    %flag_mov 10, 4;
    %jmp/0 T_7.12, 10;
    %pushi/vec4 2, 0, 32;
    %jmp/1 T_7.13, 10;
T_7.12 ; End of true expr.
    %load/vec4 v0x1a32640_0;
    %cmpi/e 2, 0, 2;
    %flag_mov 11, 4;
    %jmp/0 T_7.14, 11;
    %pushi/vec4 4, 0, 32;
    %jmp/1 T_7.15, 11;
T_7.14 ; End of true expr.
    %pushi/vec4 8, 0, 32;
    %jmp/0 T_7.15, 11;
 ; End of false expr.
    %blend;
T_7.15;
    %jmp/0 T_7.13, 10;
 ; End of false expr.
    %blend;
T_7.13;
    %jmp/0 T_7.11, 9;
 ; End of false expr.
    %blend;
T_7.11;
    %jmp/0 T_7.9, 8;
 ; End of false expr.
    %blend;
T_7.9;
    %add;
    %store/vec4 v0x1a32980_0, 0, 32;
    %load/vec4 v0x1a327e0_0;
    %store/vec4 v0x1a33040_0, 0, 1;
    %load/vec4 v0x1a34490_0;
    %store/vec4 v0x1a32f70_0, 0, 32;
    %load/vec4 v0x1a33d60_0;
    %flag_set/vec4 8;
    %jmp/0 T_7.16, 8;
    %pushi/vec4 1, 0, 2;
    %jmp/1 T_7.17, 8;
T_7.16 ; End of true expr.
    %load/vec4 v0x1a33e20_0;
    %flag_set/vec4 9;
    %jmp/0 T_7.18, 9;
    %pushi/vec4 2, 0, 2;
    %jmp/1 T_7.19, 9;
T_7.18 ; End of true expr.
    %load/vec4 v0x1a33ee0_0;
    %parti/s 22, 10, 5;
    %load/vec4 v0x1a32980_0;
    %parti/s 22, 10, 5;
    %cmp/ne;
    %flag_mov 10, 4;
    %jmp/0 T_7.20, 10;
    %pushi/vec4 2, 0, 2;
    %jmp/1 T_7.21, 10;
T_7.20 ; End of true expr.
    %pushi/vec4 3, 0, 2;
    %jmp/0 T_7.21, 10;
 ; End of false expr.
    %blend;
T_7.21;
    %jmp/0 T_7.19, 9;
 ; End of false expr.
    %blend;
T_7.19;
    %jmp/0 T_7.17, 8;
 ; End of false expr.
    %blend;
T_7.17;
    %store/vec4 v0x1a32ea0_0, 0, 2;
    %load/vec4 v0x1a33bc0_0;
    %store/vec4 v0x1a32f70_0, 0, 32;
    %load/vec4 v0x1a32640_0;
    %store/vec4 v0x1a32dd0_0, 0, 2;
    %load/vec4 v0x1a324a0_0;
    %store/vec4 v0x1a32b20_0, 0, 1;
    %load/vec4 v0x1a32570_0;
    %store/vec4 v0x1a31f20_0, 0, 4;
    %pushi/vec4 1, 0, 1;
    %store/vec4 v0x1a32a50_0, 0, 1;
T_7.5 ;
T_7.3 ;
T_7.1 ;
    %jmp T_7;
    .thread T_7, $push;
    .scope S_0x1a2bdf0;
T_8 ;
    %wait E_0x1a2d140;
    %load/vec4 v0x1a33520_0;
    %nor/r;
    %flag_set/vec4 8;
    %jmp/0xz  T_8.0, 8;
    %pushi/vec4 0, 0, 1;
    %assign/vec4 v0x1a32340_0, 0;
    %jmp T_8.1;
T_8.0 ;
    %load/vec4 v0x1a335f0_0;
    %pushi/vec4 2, 0, 2;
    %cmp/e;
    %flag_get/vec4 4;
    %load/vec4 v0x1a335f0_0;
    %pushi/vec4 3, 0, 2;
    %cmp/e;
    %flag_get/vec4 4;
    %or;
    %load/vec4 v0x1a33450_0;
    %and;
    %load/vec4 v0x1a331e0_0;
    %and;
    %flag_set/vec4 8;
    %jmp/0xz  T_8.2, 8;
    %pushi/vec4 1, 0, 1;
    %assign/vec4 v0x1a32340_0, 0;
    %jmp T_8.3;
T_8.2 ;
    %load/vec4 v0x1a33450_0;
    %load/vec4 v0x1a331e0_0;
    %and;
    %flag_set/vec4 8;
    %jmp/0xz  T_8.4, 8;
    %pushi/vec4 0, 0, 1;
    %assign/vec4 v0x1a32340_0, 0;
T_8.4 ;
T_8.3 ;
T_8.1 ;
    %jmp T_8;
    .thread T_8;
    .scope S_0x1a2bdf0;
T_9 ;
    %wait E_0x1a2d140;
    %load/vec4 v0x1a33520_0;
    %nor/r;
    %flag_set/vec4 8;
    %jmp/0xz  T_9.0, 8;
    %pushi/vec4 0, 0, 1;
    %assign/vec4 v0x1a33e20_0, 0;
    %jmp T_9.1;
T_9.0 ;
    %load/vec4 v0x1a33450_0;
    %load/vec4 v0x1a331e0_0;
    %and;
    %flag_set/vec4 8;
    %jmp/0xz  T_9.2, 8;
    %load/vec4 v0x1a33d60_0;
    %assign/vec4 v0x1a33e20_0, 0;
T_9.2 ;
T_9.1 ;
    %jmp T_9;
    .thread T_9;
    .scope S_0x19fa880;
T_10 ;
    %delay 10, 0;
    %load/vec4 v0x1a2c630_0;
    %pushi/vec4 1, 0, 1;
    %add;
    %cast2;
    %store/vec4 v0x1a2c630_0, 0, 1;
    %jmp T_10;
    .thread T_10;
    .scope S_0x19fa880;
T_11 ;
    %vpi_call/w 2 52 "$dumpfile", "ahb_master.vcd" {0 0 0};
    %vpi_call/w 2 53 "$dumpvars" {0 0 0};
    %wait E_0x19efb60;
    %pushi/vec4 0, 0, 1;
    %assign/vec4 v0x1a353c0_0, 0;
    %wait E_0x19efb60;
    %pushi/vec4 1, 0, 1;
    %assign/vec4 v0x1a35790_0, 0;
    %pushi/vec4 50, 0, 32;
T_11.0 %dup/vec4;
    %pushi/vec4 0, 0, 32;
    %cmp/s;
    %jmp/1xz T_11.1, 5;
    %jmp/1 T_11.1, 4;
    %pushi/vec4 1, 0, 32;
    %sub;
    %wait E_0x19efb60;
    %jmp T_11.0;
T_11.1 ;
    %pop/vec4 1;
    %wait E_0x19efb60;
    %pushi/vec4 1, 0, 1;
    %assign/vec4 v0x1a34fb0_0, 0;
    %pushi/vec4 1, 0, 1;
    %assign/vec4 v0x1a353c0_0, 0;
    %wait E_0x19efb60;
    %pushi/vec4 1, 0, 1;
    %assign/vec4 v0x1a35790_0, 0;
    %pushi/vec4 1, 0, 1;
    %assign/vec4 v0x1a35ab0_0, 0;
    %pushi/vec4 1, 0, 1;
    %assign/vec4 v0x1a35c50_0, 0;
    %vpi_func 2 72 "$random" 32 {0 0 0};
    %assign/vec4 v0x1a35b80_0, 0;
    %pushi/vec4 536870912, 0, 32;
    %assign/vec4 v0x1a355a0_0, 0;
    %pushi/vec4 1, 0, 1;
    %assign/vec4 v0x1a35660_0, 0;
    %pushi/vec4 1, 0, 1;
    %assign/vec4 v0x1a35280_0, 0;
    %wait E_0x19efb60;
    %vpi_func 2 78 "$random" 32 {0 0 0};
    %assign/vec4 v0x1a35b80_0, 0;
    %pushi/vec4 0, 0, 1;
    %assign/vec4 v0x1a35ab0_0, 0;
    %wait E_0x19efb60;
    %pushi/vec4 1, 0, 1;
    %assign/vec4 v0x1a35280_0, 0;
    %vpi_func 2 83 "$random" 32 {0 0 0};
    %assign/vec4 v0x1a35b80_0, 0;
    %wait E_0x19efb60;
    %pushi/vec4 3, 0, 2;
    %assign/vec4 v0x1a354b0_0, 0;
    %pushi/vec4 0, 0, 1;
    %assign/vec4 v0x1a35280_0, 0;
    %vpi_func 2 88 "$random" 32 {0 0 0};
    %assign/vec4 v0x1a35b80_0, 0;
    %wait E_0x19efb60;
    %pushi/vec4 3, 0, 2;
    %assign/vec4 v0x1a354b0_0, 0;
    %pushi/vec4 0, 0, 1;
    %assign/vec4 v0x1a35280_0, 0;
    %wait E_0x19efb60;
    %pushi/vec4 3, 0, 2;
    %assign/vec4 v0x1a354b0_0, 0;
    %pushi/vec4 1, 0, 1;
    %assign/vec4 v0x1a35280_0, 0;
    %wait E_0x19efb60;
    %pushi/vec4 0, 0, 2;
    %assign/vec4 v0x1a354b0_0, 0;
    %pushi/vec4 1, 0, 1;
    %assign/vec4 v0x1a35280_0, 0;
    %wait E_0x19efb60;
    %wait E_0x19efb60;
    %vpi_func 2 105 "$random" 32 {0 0 0};
    %assign/vec4 v0x1a35b80_0, 0;
    %pushi/vec4 1, 0, 1;
    %assign/vec4 v0x1a35660_0, 0;
    %fork t_11, S_0x19fa880;
    %fork t_12, S_0x19fa880;
    %join;
    %join;
    %jmp t_10;
t_11 ;
    %pushi/vec4 10, 0, 32;
T_11.2 %dup/vec4;
    %pushi/vec4 0, 0, 32;
    %cmp/s;
    %jmp/1xz T_11.3, 5;
    %jmp/1 T_11.3, 4;
    %pushi/vec4 1, 0, 32;
    %sub;
    %wait E_0x19efb60;
    %pushi/vec4 1, 0, 1;
    %assign/vec4 v0x1a35ab0_0, 0;
    %pushi/vec4 0, 0, 1;
    %assign/vec4 v0x1a35660_0, 0;
    %jmp T_11.2;
T_11.3 ;
    %pop/vec4 1;
    %end;
t_12 ;
    %pushi/vec4 3, 0, 32;
T_11.4 %dup/vec4;
    %pushi/vec4 0, 0, 32;
    %cmp/s;
    %jmp/1xz T_11.5, 5;
    %jmp/1 T_11.5, 4;
    %pushi/vec4 1, 0, 32;
    %sub;
    %wait E_0x19efb60;
    %jmp T_11.4;
T_11.5 ;
    %pop/vec4 1;
    %pushi/vec4 0, 0, 1;
    %assign/vec4 v0x1a35790_0, 0;
    %end;
    .scope S_0x19fa880;
t_10 ;
    %vpi_call/w 2 123 "$finish" {0 0 0};
    %end;
    .thread T_11;
# The file index is used to find the file name in the following table.
:file_names 5;
    "N/A";
    "<interactive>";
    "../bench/ahb_master_test.sv";
    "../rtl/ahb_master.v";
    "../rtl/ahb_master_pipeline.v";
